<?xml version="1.0" encoding="UTF-8"?>
<!-- Generated by org.testng.reporters.JUnitReportReporter -->
<testsuite hostname="prasanthperugu" failures="0" tests="1" name="TestNGPrograms.AnnotationTest" time="0.004" errors="0" timestamp="2024-06-10T11:17:03 IST" skipped="0">
  <testcase classname="TestNGPrograms.AnnotationTest" name="testMethod1" time="0.004"/>
  <system-out/>
</testsuite> <!-- TestNGPrograms.AnnotationTest -->
