<?xml version="1.0" encoding="UTF-8"?>
<!-- Generated by org.testng.reporters.JUnitReportReporter -->
<testsuite hostname="prasanthperugu" failures="0" tests="2" name="TestNGPrograms.Demo" time="10.960" errors="0" timestamp="2024-06-03T12:36:47 IST" skipped="0">
  <testcase classname="TestNGPrograms.Demo" name="test" time="7.007"/>
  <system-out/>
  <testcase classname="TestNGPrograms.Demo" name="test1" time="3.953"/>
  <system-out/>
</testsuite> <!-- TestNGPrograms.Demo -->
