<?xml version="1.0" encoding="UTF-8"?>
<!-- Generated by org.testng.reporters.JUnitReportReporter -->
<testsuite hostname="prasanthperugu" failures="0" tests="1" name="TestNGPrograms.SeleniumTest" time="0.679" errors="0" timestamp="2024-07-31T19:48:17 IST" skipped="0">
  <testcase classname="TestNGPrograms.SeleniumTest" name="SetLoginDetails" time="0.679"/>
  <system-out/>
</testsuite> <!-- TestNGPrograms.SeleniumTest -->
