<?xml version="1.0" encoding="UTF-8"?>
<!-- Generated by org.testng.reporters.JUnitReportReporter -->
<testsuite hostname="prasanthperugu" failures="0" tests="1" name="TestNGPrograms.LoginTest" time="1.892" errors="0" timestamp="2024-07-31T17:27:00 IST" skipped="0">
  <testcase classname="TestNGPrograms.LoginTest" name="loginpage" time="1.892"/>
  <system-out/>
</testsuite> <!-- TestNGPrograms.LoginTest -->
