<?xml version="1.0" encoding="UTF-8"?>
<!-- Generated by org.testng.reporters.JUnitReportReporter -->
<testsuite hostname="prasanthperugu" failures="0" tests="1" name="TestNGPrograms.GoogleTest" time="4.032" errors="0" timestamp="2024-06-03T13:03:36 IST" skipped="0">
  <testcase classname="TestNGPrograms.GoogleTest" name="test" time="4.032"/>
  <system-out/>
</testsuite> <!-- TestNGPrograms.GoogleTest -->
