<?xml version="1.0" encoding="UTF-8"?>
<!-- Generated by org.testng.reporters.JUnitReportReporter -->
<testsuite hostname="prasanthperugu" failures="0" tests="4" name="TestNGPrograms.OrangeHRMTest" time="7.012" errors="0" timestamp="2024-08-28T19:54:05 IST" skipped="0">
  <testcase classname="TestNGPrograms.OrangeHRMTest" name="EnterLoginDetails" time="1.977"/>
  <system-out/>
  <testcase classname="TestNGPrograms.OrangeHRMTest" name="LaunchApp" time="3.091"/>
  <system-out/>
  <testcase classname="TestNGPrograms.OrangeHRMTest" name="NavigateToInfo" time="1.597"/>
  <system-out/>
  <testcase classname="TestNGPrograms.OrangeHRMTest" name="Verifythelogo" time="0.347"/>
  <system-out/>
</testsuite> <!-- TestNGPrograms.OrangeHRMTest -->
